RT is False
Default write of storage_offers_DA.csv just to have a file (but constraint should be inactive)
Reading model...
...model read.
creating competitive generators file...
...competitive generators recorded.
Loading data...
.. day-ahead data with real-time VRE data read.
Compiling instance...
...instance created.
Creating Offer Mitigation (model will solve as dispatch if TRUE)...
...storage offer mitigation file created
Converting model to MPEC...
...converted
NOTE: initial MIP solve with only storage competitive to get feasible solution
Solving...

Welcome to IBM(R) ILOG(R) CPLEX(R) Interactive Optimizer 12.9.0.0
  with Simplex, Mixed Integer & Barrier Optimizers
5725-A06 5725-A29 5724-Y48 5724-Y49 5724-Y54 5724-Y55 5655-Y21
Copyright IBM Corp. 1988, 2019.  All Rights Reserved.

Type 'help' for a list of available commands.
Type 'help' followed by a command name for more
information on commands.

CPLEX> Logfile 'cplex.log' closed.
Logfile 'C:\Users\llavin\Desktop\test826\logs\tmp_78yvd2i.cplex.log' open.
CPLEX> New value for parallel optimization mode: -1
CPLEX> New value for mixed integer optimality gap tolerance: 0.01
CPLEX> New value for feasibility tolerance: 1e-09
CPLEX> New value for deterministic time limit in ticks: 50000
CPLEX> Problem 'C:\Users\llavin\Desktop\test826\logs\tmpusfys20w.pyomo.lp' read.
Read time = 0.25 sec. (14.71 ticks)
CPLEX> Problem name         : C:\Users\llavin\Desktop\test826\logs\tmpusfys20w.pyomo.lp
Objective sense      : Maximize
Variables            :   53805  [Nneg: 1,  Box: 22000,  Free: 4464,
                                 Binary: 27340]
Objective nonzeros   :    9029
Linear constraints   :  123205  [Less: 41346,  Greater: 59096,  Equal: 22763]
  Nonzeros           :  291753
  RHS nonzeros       :   67495

Variables            : Min LB: -5000.000        Max UB: 1000000.       
Objective nonzeros   : Min   : 0.07500000       Max   : 2500.000       
Linear constraints   :
  Nonzeros           : Min   : 0.07500000       Max   : 1000000.       
  RHS nonzeros       : Min   : 0.07500000       Max   : 1000000.       
CPLEX> CPXPARAM_Parallel                                -1
CPXPARAM_Simplex_Tolerances_Feasibility          1.0000000000000001e-09
CPXPARAM_DetTimeLimit                            50000
CPXPARAM_MIP_Tolerances_MIPGap                   0.01
Tried aggregator 3 times.
MIP Presolve eliminated 88696 rows and 19020 columns.
MIP Presolve added 3372 rows and 0 columns.
MIP Presolve modified 24866 coefficients.
Aggregator did 12976 substitutions.
Reduced MIP has 24905 rows, 21253 columns, and 71058 nonzeros.
Reduced MIP has 8401 binaries, 0 generals, 0 SOSs, and 0 indicators.
Presolve time = 0.28 sec. (168.00 ticks)
Probing fixed 370 vars, tightened 4101 bounds.
Probing time = 0.06 sec. (18.92 ticks)
Tried aggregator 2 times.
MIP Presolve eliminated 834 rows and 742 columns.
MIP Presolve modified 3035 coefficients.
Aggregator did 36 substitutions.
Reduced MIP has 24035 rows, 20475 columns, and 68540 nonzeros.
Reduced MIP has 8030 binaries, 0 generals, 0 SOSs, and 0 indicators.
Presolve time = 0.11 sec. (87.60 ticks)
Probing fixed 0 vars, tightened 256 bounds.
Probing time = 0.14 sec. (22.34 ticks)
Clique table members: 44609.
MIP emphasis: balance optimality and feasibility.
MIP search method: dynamic search.
Parallel mode: opportunistic, using up to 32 threads.
Root relaxation solution time = 0.42 sec. (625.13 ticks)

        Nodes                                         Cuts/
   Node  Left     Objective  IInf  Best Integer    Best Bound    ItCnt     Gap

      0     0     3980.7076   123                   3980.7076     5336         
*     0     0      integral     0     3980.7076     3980.7076     5336    0.00%
Elapsed time = 2.03 sec. (1592.25 ticks, tree = 0.01 MB, solutions = 1)

Root node processing (before b&c):
  Real time             =    2.06 sec. (1594.20 ticks)
Parallel b&c, 32 threads:
  Real time             =    0.00 sec. (0.00 ticks)
  Sync time (average)   =    0.00 sec.
  Wait time (average)   =    0.00 sec.
                          ------------
Total (root+branch&cut) =    2.06 sec. (1594.20 ticks)

Solution pool: 1 solution saved.

MIP - Integer optimal solution:  Objective =  3.9807076410e+03
Solution time =    2.06 sec.  Iterations = 5336  Nodes = 0
Deterministic time = 1594.35 ticks  (772.83 ticks/sec)

CPLEX> Incumbent solution written to file 'C:\Users\llavin\Desktop\test826\logs\tmpjzwpguka.cplex.sol'.
CPLEX> NOTE: no warmstart specified for MIP iteration, default behavior is true
NOTE: resolving with all competitive generators using storage-only solution to warmstart
Solving...

Welcome to IBM(R) ILOG(R) CPLEX(R) Interactive Optimizer 12.9.0.0
  with Simplex, Mixed Integer & Barrier Optimizers
5725-A06 5725-A29 5724-Y48 5724-Y49 5724-Y54 5724-Y55 5655-Y21
Copyright IBM Corp. 1988, 2019.  All Rights Reserved.

Type 'help' for a list of available commands.
Type 'help' followed by a command name for more
information on commands.

CPLEX> Logfile 'cplex.log' closed.
Logfile 'C:\Users\llavin\Desktop\test826\logs\tmphm6odzge.cplex.log' open.
CPLEX> New value for parallel optimization mode: -1
CPLEX> New value for mixed integer optimality gap tolerance: 0.01
CPLEX> New value for feasibility tolerance: 1e-09
CPLEX> New value for deterministic time limit in ticks: 50000
CPLEX> Problem 'C:\Users\llavin\Desktop\test826\logs\tmp7z336e4_.pyomo.lp' read.
Read time = 0.25 sec. (14.73 ticks)
CPLEX> MIP start file 'C:\Users\llavin\Desktop\test826\logs\tmpaj0jqm69.cplex.mst' read.
CPLEX> Problem name         : C:\Users\llavin\Desktop\test826\logs\tmp7z336e4_.pyomo.lp
Objective sense      : Maximize
Variables            :   54525  [Nneg: 1,  Box: 22720,  Free: 4464,
                                 Binary: 27340]
Objective nonzeros   :    9725
Linear constraints   :  123205  [Less: 41346,  Greater: 59096,  Equal: 22763]
  Nonzeros           :  291753
  RHS nonzeros       :   67495

Variables            : Min LB: -5000.000        Max UB: 1000000.       
Objective nonzeros   : Min   : 0.07500000       Max   : 2500.000       
Linear constraints   :
  Nonzeros           : Min   : 0.07500000       Max   : 1000000.       
  RHS nonzeros       : Min   : 0.07500000       Max   : 1000000.       
CPLEX> CPXPARAM_Parallel                                -1
CPXPARAM_Simplex_Tolerances_Feasibility          1.0000000000000001e-09
CPXPARAM_DetTimeLimit                            50000
CPXPARAM_MIP_Tolerances_MIPGap                   0.01
Warning:  No solution found from 1 MIP starts.
Retaining values of one MIP start for possible repair.
Tried aggregator 3 times.
MIP Presolve eliminated 88696 rows and 19740 columns.
MIP Presolve added 3372 rows and 0 columns.
MIP Presolve modified 24866 coefficients.
Aggregator did 12976 substitutions.
Reduced MIP has 24905 rows, 21253 columns, and 71058 nonzeros.
Reduced MIP has 8401 binaries, 0 generals, 0 SOSs, and 0 indicators.
Presolve time = 0.30 sec. (168.35 ticks)
Probing fixed 370 vars, tightened 4101 bounds.
Probing time = 0.06 sec. (18.92 ticks)
Tried aggregator 2 times.
MIP Presolve eliminated 834 rows and 742 columns.
MIP Presolve modified 3035 coefficients.
Aggregator did 36 substitutions.
Reduced MIP has 24035 rows, 20475 columns, and 68540 nonzeros.
Reduced MIP has 8030 binaries, 0 generals, 0 SOSs, and 0 indicators.
Presolve time = 0.11 sec. (87.60 ticks)
Probing fixed 0 vars, tightened 256 bounds.
Probing time = 0.14 sec. (22.34 ticks)
Clique table members: 44609.
MIP emphasis: balance optimality and feasibility.
MIP search method: dynamic search.
Parallel mode: opportunistic, using up to 32 threads.
Root relaxation solution time = 0.47 sec. (682.00 ticks)

        Nodes                                         Cuts/
   Node  Left     Objective  IInf  Best Integer    Best Bound    ItCnt     Gap

      0     0    99412.0296   226                  99412.0296     6028         
      0     0    97882.3852   114                    Cuts: 99     6114         
      0     0    97750.2212   108                    Cuts: 27     6132         
      0     0    97750.2212    94                Flowcuts: 37     6148         
      0     0    97750.2212    94                     Cuts: 7     6150         
      0     0    97750.2212    88                 Flowcuts: 6     6151         
      0     0    97750.2212    89                     Cuts: 7     6154         
Repair heuristic found nothing.
      0     2    92298.5580    72                   Covers: 7     6154         
Elapsed time = 7.36 sec. (3728.17 ticks, tree = 0.02 MB, solutions = 0)
*   368+  459                        60696.9099    91958.3882            51.50%
   1138   365    82882.3004    20    60696.9099    85449.4009    10224   40.78%
   1786   906    60968.6458     3    61079.4547    85441.9012    18369   39.89%
*  2032   959      integral     0    61158.6116    85441.9012    19113   39.71%
   2839   961    61987.4828     8    61844.2242    85441.9012    18717   38.16%
*  2921  1355      integral     0    62023.2600    85441.9012    23415   37.76%
   3680  1403    63845.2393    32    62023.2600    85429.3608    23756   37.74%
   4715  2126    62748.6308    21    62023.2600    85361.3554    30916   37.63%
*  5295  2596      integral     0    62297.3679    85269.5959    34435   36.88%
   6285  3368    62536.0641     5    62297.3679    85165.3259    40494   36.71%
   8659  5699        cutoff          62297.3679    63938.1750    67439    2.63%
Elapsed time = 28.81 sec. (9828.37 ticks, tree = 51.27 MB, solutions = 16)
   9675    79    63163.5927    23    62297.3679    63605.0683    68361    2.10%
  10928   376    62300.6759    16    62297.3679    63605.0683    70660    2.10%
  11268  1132    62319.5260    19    62297.3679    63605.0683    77535    2.10%
  13662  1681    62939.8745    12    62297.3679    63597.3153    82305    2.09%
  17836  1549    62306.5166    14    62297.3679    63597.3153    81361    2.09%
  21892  4126    63448.2633    10    62297.3679    63583.4961   110342    2.06%
  25555  5624    63570.2323    20    62297.3679    63566.4867   133154    2.04%
  28854  6494    63253.4837    14    62297.3679    63558.4826   158626    2.02%
  31933  7102    63356.0401    17    62297.3679    63546.3505   197287    2.00%
  33578  7147    63339.3978    12    62297.3679    63433.7097   198284    1.82%
Elapsed time = 78.88 sec. (19372.34 ticks, tree = 51.74 MB, solutions = 16)
  34651  8023    63237.2836    21    62611.0203    63375.2446   226612    1.22%
  37488  7490        cutoff          62611.0203    63375.2446   247682    1.22%
  39530  3389    63002.4973    15    62611.0203    63375.2446   252193    1.22%

Clique cuts applied:  8
Cover cuts applied:  13
Implied bound cuts applied:  37
Flow cuts applied:  72
Mixed integer rounding cuts applied:  6
Gomory fractional cuts applied:  16

Root node processing (before b&c):
  Real time             =    5.41 sec. (3680.21 ticks)
Parallel b&c, 32 threads:
  Real time             =   77.48 sec. (19369.36 ticks)
  Sync time (average)   =    2.34 sec.
  Wait time (average)   =    0.20 sec.
                          ------------
Total (root+branch&cut) =   82.89 sec. (23049.57 ticks)

Solution pool: 18 solutions saved.

MIP - Integer optimal, tolerance (0.01/1e-06):  Objective =  6.2611020293e+04
Current MIP best bound =  6.3236930268e+04 (gap = 625.91, 1.00%)
Solution time =   82.89 sec.  Iterations = 271155  Nodes = 40019 (2952)
Deterministic time = 23049.72 ticks  (278.08 ticks/sec)

CPLEX> Incumbent solution written to file 'C:\Users\llavin\Desktop\test826\logs\tmpt60tdj8f.cplex.sol'.
CPLEX> Exporting results... 
ERROR exporting storage! Check export_storage().
Traceback (most recent call last):
  File "C:\Users\llavin\AppData\Local\Continuum\anaconda3\lib\site-packages\pandas\core\internals\managers.py", line 1678, in create_block_manager_from_blocks
    make_block(values=blocks[0], placement=slice(0, len(axes[0])))
  File "C:\Users\llavin\AppData\Local\Continuum\anaconda3\lib\site-packages\pandas\core\internals\blocks.py", line 3267, in make_block
    return klass(values, ndim=ndim, placement=placement)
  File "C:\Users\llavin\AppData\Local\Continuum\anaconda3\lib\site-packages\pandas\core\internals\blocks.py", line 2775, in __init__
    super().__init__(values, ndim=ndim, placement=placement)
  File "C:\Users\llavin\AppData\Local\Continuum\anaconda3\lib\site-packages\pandas\core\internals\blocks.py", line 128, in __init__
    "{mgr}".format(val=len(self.values), mgr=len(self.mgr_locs))
ValueError: Wrong number of items passed 19, placement implies 18

During handling of the above exception, another exception occurred:

Traceback (most recent call last):
  File "c:\Users\llavin\Desktop\test826\write_results_competitive.py", line 128, in export_results
    instance, timepoints_set, storage_set, results_directory, is_MPEC
  File "c:\Users\llavin\Desktop\test826\write_results_competitive.py", line 817, in export_storage
    index=pd.Index(index_name),
  File "C:\Users\llavin\AppData\Local\Continuum\anaconda3\lib\site-packages\pandas\core\frame.py", line 440, in __init__
    mgr = init_ndarray(data, index, columns, dtype=dtype, copy=copy)
  File "C:\Users\llavin\AppData\Local\Continuum\anaconda3\lib\site-packages\pandas\core\internals\construction.py", line 213, in init_ndarray
    return create_block_manager_from_blocks(block_values, [columns, index])
  File "C:\Users\llavin\AppData\Local\Continuum\anaconda3\lib\site-packages\pandas\core\internals\managers.py", line 1688, in create_block_manager_from_blocks
    construction_error(tot_items, blocks[0].shape[1:], axes, e)
  File "C:\Users\llavin\AppData\Local\Continuum\anaconda3\lib\site-packages\pandas\core\internals\managers.py", line 1719, in construction_error
    "Shape of passed values is {0}, indices imply {1}".format(passed, implied)
ValueError: Shape of passed values is (48, 19), indices imply (48, 18)


           Launching Python debugger (PDB)...
           To execute multi-line statements in PDB, type this:
                import code; code.interact(local=vars())
           (The command launches an interactive Python session with all the local variables available.)
           To exit the interactive session and continue script execution, press Ctrl+D.
           
> c:\users\llavin\appdata\local\continuum\anaconda3\lib\site-packages\pandas\core\internals\managers.py(1719)construction_error()
-> "Shape of passed values is {0}, indices imply {1}".format(passed, implied)
(Pdb) 