Reading model...
...model read.
creating competitive generators file...
...competitive generators recorded.
Loading data...
.. real-time data read.
Compiling instance...
...instance created.
Creating Offer Mitigation (model will solve as dispatch if TRUE)...
Solving...

Welcome to IBM(R) ILOG(R) CPLEX(R) Interactive Optimizer 12.10.0.0
  with Simplex, Mixed Integer & Barrier Optimizers
5725-A06 5725-A29 5724-Y48 5724-Y49 5724-Y54 5724-Y55 5655-Y21
Copyright IBM Corp. 1988, 2019.  All Rights Reserved.

Type 'help' for a list of available commands.
Type 'help' followed by a command name for more
information on commands.

CPLEX> Logfile 'cplex.log' closed.
Logfile 'C:\Users\wenmi\Desktop\competitiveMPEC\logs\tmp0j6d7bi9.cplex.log' open.
CPLEX> New value for parallel optimization mode: -1
CPLEX> New value for mixed integer optimality gap tolerance: 0.01
CPLEX> New value for deterministic time limit in ticks: 100000
CPLEX> Problem 'C:\Users\wenmi\Desktop\competitiveMPEC\logs\tmp422wf6l3.pyomo.lp' read.
Read time = 0.06 sec. (5.96 ticks)
CPLEX> Problem name         : C:\Users\wenmi\Desktop\competitiveMPEC\logs\tmp422wf6l3.pyomo.lp
Objective sense      : Minimize
Variables            :   51733  [Nneg: 1,  Box: 42900,  Free: 8832]
Objective nonzeros   :    4992
Linear constraints   :   54824  [Less: 27733,  Greater: 8832,  Equal: 18259]
  Nonzeros           :  173148
  RHS nonzeros       :   23690

Variables            : Min LB: -5000.000        Max UB: 1000000.       
Objective nonzeros   : Min   : 15.73158         Max   : 124.0997       
Linear constraints   :
  Nonzeros           : Min   : 0.9219544        Max   : 390.6461       
  RHS nonzeros       : Min   : 1.000000         Max   : 5000.000       
CPLEX> Version identifier: 12.10.0.0 | 2019-11-26 | 843d4de2ae
CPXPARAM_Parallel                                -1
CPXPARAM_DetTimeLimit                            100000
CPXPARAM_MIP_Tolerances_MIPGap                   0.01
Parallel mode: opportunistic, using up to 16 threads for concurrent optimization:
 * Starting dual Simplex on 1 thread...
 * Starting Barrier on 14 threads...
 * Starting primal Simplex on 1 thread...
Implied bounds make row 'c_u_x104643_' infeasible.
Presolve time = 0.03 sec. (16.95 ticks)
Presolve - Infeasible.
Solution time =    0.05 sec.
Deterministic time = 18.93 ticks  (402.80 ticks/sec)
CPLEX> CPLEX Error  1217: No solution exists.
No file written.
CPLEX> Exporting results... 
ERROR exporting segmented generator offers! Check export_generator_segment_offer().
Traceback (most recent call last):
  File "C:\Program Files\anaconda3\lib\site-packages\pyomo\core\kernel\component_map.py", line 100, in __getitem__
    return self._dict[id(obj)][1]
KeyError: 2810343091848

During handling of the above exception, another exception occurred:

Traceback (most recent call last):
  File "c:\Users\wenmi\Desktop\competitiveMPEC\write_results_competitive.py", line 84, in export_results
    is_MPEC,
  File "c:\Users\wenmi\Desktop\competitiveMPEC\write_results_competitive.py", line 304, in export_generator_segment_offer
    instance.LoadConstraint[t, instance.ZoneLabel[g]]
  File "C:\Program Files\anaconda3\lib\site-packages\pyomo\core\kernel\component_map.py", line 103, in __getitem__
    % (id(obj), str(obj)))
KeyError: "Component with id '2810343091848': LoadConstraint[1,301]"


           Launching Python debugger (PDB)...
           To execute multi-line statements in PDB, type this:
                import code; code.interact(local=vars())
           (The command launches an interactive Python session with all the local variables available.)
           To exit the interactive session and continue script execution, press Ctrl+D.
           
> c:\program files\anaconda3\lib\site-packages\pyomo\core\kernel\component_map.py(103)__getitem__()
-> % (id(obj), str(obj)))
(Pdb) 