Reading model...
...model read.
creating competitive generators file...
...competitive generators recorded.
Loading data...
..data read.
Compiling instance...
...instance created.
Solving...

Welcome to IBM(R) ILOG(R) CPLEX(R) Interactive Optimizer 12.10.0.0
  with Simplex, Mixed Integer & Barrier Optimizers
5725-A06 5725-A29 5724-Y48 5724-Y49 5724-Y54 5724-Y55 5655-Y21
Copyright IBM Corp. 1988, 2019.  All Rights Reserved.

Type 'help' for a list of available commands.
Type 'help' followed by a command name for more
information on commands.

CPLEX> Logfile 'cplex.log' closed.
Logfile 'C:\Users\wenmi\Desktop\competitiveMPEC\logs\tmpucbrquu7.cplex.log' open.
CPLEX> New value for parallel optimization mode: -1
CPLEX> New value for mixed integer optimality gap tolerance: 0.3
CPLEX> New value for deterministic time limit in ticks: 300000
CPLEX> Problem 'C:\Users\wenmi\Desktop\competitiveMPEC\logs\tmplouy713k.pyomo.lp' read.
Read time = 0.03 sec. (2.88 ticks)
CPLEX> Problem name         : C:\Users\wenmi\Desktop\competitiveMPEC\logs\tmplouy713k.pyomo.lp
Objective sense      : Minimize
Variables            :   25814  [Nneg: 1,  Box: 21421,  Free: 4392]
Objective nonzeros   :    2496
Linear constraints   :   27225  [Less: 13813,  Greater: 4416,  Equal: 8996]
  Nonzeros           :   84253
  RHS nonzeros       :   12091

Variables            : Min LB: -5000.000        Max UB: 50000.00       
Objective nonzeros   : Min   : 15.73158         Max   : 124.0997       
Linear constraints   :
  Nonzeros           : Min   : 0.9219544        Max   : 3000.000       
  RHS nonzeros       : Min   : 0.1000000        Max   : 2500.000       
CPLEX> Version identifier: 12.10.0.0 | 2019-11-26 | 843d4de2ae
CPXPARAM_Parallel                                -1
CPXPARAM_DetTimeLimit                            300000
CPXPARAM_MIP_Tolerances_MIPGap                   0.29999999999999999
Parallel mode: opportunistic, using up to 16 threads for concurrent optimization:
 * Starting dual Simplex on 1 thread...
 * Starting Barrier on 14 threads...
 * Starting primal Simplex on 1 thread...
Tried aggregator 1 time.
LP Presolve eliminated 21978 rows and 18423 columns.
Aggregator did 696 substitutions.
Reduced LP has 4551 rows, 6695 columns, and 19474 nonzeros.
Presolve time = 0.03 sec. (25.59 ticks)
Symmetry aggregator did 4879 additional substitutions.
Initializing dual steep norms . . .

Iteration log . . .
Iteration:     1   Dual objective     =             0.000000
Perturbation started.
Iteration:   101   Dual objective     =             0.000000
Iteration:   302   Dual objective     =             1.778063
Iteration:   513   Dual objective     =             2.025530
Iteration:   686   Dual objective     =             2.051890
Iteration:   840   Dual objective     =          4411.469775
Removing perturbation.

Dual crossover.
  Dual:  Fixing 2 variables.
        1 DMoves:  Infeasibility  3.86357210e-14  Objective  4.40938565e+03
        0 DMoves:  Infeasibility  4.51434100e-14  Objective  4.40938940e+03
  Dual:  Pushed 0, exchanged 2.
  Primal:  Fixing 793 variables.
      792 PMoves:  Infeasibility  1.67303950e+06  Objective  4.40938940e+03
        0 PMoves:  Infeasibility  1.59300496e+06  Objective  4.40938940e+03
  Primal:  Pushed 709, exchanged 84.
Iteration:   852   Dual objective     =          4409.389403
Iteration:  1027   Dual objective     =         18348.020755
Iteration:  1266   Dual objective     =         43786.447299

Dual simplex solved model.


Dual simplex - Infeasible:  Objective =  4.3786447299e+04
Solution time =    0.09 sec.  Iterations = 1267 (0)
Infeasible variable = x11442
Deterministic time = 79.41 ticks  (844.75 ticks/sec)

CPLEX> Solution written to file 'C:\Users\wenmi\Desktop\competitiveMPEC\logs\tmpnk2zu0d5.cplex.sol'.
CPLEX> Exporting results... 
ERROR exporting segmented generator offers! Check export_generator_segment_offer().
Traceback (most recent call last):
  File "C:\Program Files\anaconda3\lib\site-packages\pyomo\core\kernel\component_map.py", line 100, in __getitem__
    return self._dict[id(obj)][1]
KeyError: 1260300890472

During handling of the above exception, another exception occurred:

Traceback (most recent call last):
  File "c:\Users\wenmi\Desktop\competitiveMPEC\write_results_competitive.py", line 84, in export_results
    is_MPEC,
  File "c:\Users\wenmi\Desktop\competitiveMPEC\write_results_competitive.py", line 314, in export_generator_segment_offer
    instance.LoadConstraint[t, instance.zonelabel[g]]
  File "C:\Program Files\anaconda3\lib\site-packages\pyomo\core\kernel\component_map.py", line 103, in __getitem__
    % (id(obj), str(obj)))
KeyError: "Component with id '1260300890472': LoadConstraint[1,301]"


           Launching Python debugger (PDB)...
           To execute multi-line statements in PDB, type this:
                import code; code.interact(local=vars())
           (The command launches an interactive Python session with all the local variables available.)
           To exit the interactive session and continue script execution, press Ctrl+D.
           
> c:\program files\anaconda3\lib\site-packages\pyomo\core\kernel\component_map.py(103)__getitem__()
-> % (id(obj), str(obj)))
(Pdb) 